<?xml version="1.0" encoding="utf-8"?><testsuites><testsuite name="pytest" errors="0" failures="0" skipped="0" tests="11" time="1.151" timestamp="2026-08-13T16:35:01.147599+08:00" hostname="dsw-925252-7796557db6-j84nn"><testcase classname="tests.test_analysis_transforms" name="test_invertible_transforms_round_trip" time="0.004" /><testcase classname="tests.test_analysis_transforms" name="test_controls_have_expected_shapes" time="0.002" /><testcase classname="tests.test_math_utils" name="test_rotation_log_and_directions" time="0.001" /><testcase classname="tests.test_math_utils" name="test_ridge_and_kmeans_iterate" time="0.020" /><testcase classname="tests.test_pai_launcher_contract" name="test_pai_launcher_uses_noninteractive_libero_config" time="0.076" /><testcase classname="tests.test_quantized_resume" name="test_quantized_resume_requires_exact_current_plan" time="0.097" /><testcase classname="tests.test_reporting" name="test_choose_baseline_is_calibration_only_and_excludes_consequence_methods" time="0.000" /><testcase classname="tests.test_stage1_5" name="test_box_ball_projection_satisfies_both_constraints" time="0.001" /><testcase classname="tests.test_stage1_5" name="test_constrained_ridge_identity_hits_radius_boundary" time="0.003" /><testcase classname="tests.test_stage1_5" name="test_permutation_stays_within_task_split_phase" time="0.000" /><testcase classname="tests.test_stage1_5" name="test_internal_screen_requires_geometry_controls_not_to_reproduce_gain" time="0.009" /></testsuite></testsuites>